/Logical/Global.typ
/Logical/Global.var
/Logical/Libraries/Operator/operator.fun
/Logical/Libraries/Operator
/Logical/Libraries/Runtime/runtime.var
/Logical/Libraries/Runtime/runtime.typ
/Logical/Libraries/Runtime/runtime.fun
/Logical/Libraries/Runtime
/Logical/Libraries/AsTime/astime.var
/Logical/Libraries/AsTime/astime.typ
/Logical/Libraries/AsTime/astime.fun
/Logical/Libraries/AsTime
/Logical/Libraries/AsIecCon/AsIecCon.fun
/Logical/Libraries/AsIecCon
/Logical/Libraries/Acp10sdc/acp10sdc.var
/Logical/Libraries/Acp10sdc/acp10sdc.typ
/Logical/Libraries/Acp10sdc
/Logical/Libraries/Acp10man/Acp10man.typ
/Logical/Libraries/Acp10man
/Logical/Libraries/Acp10par/Acp10par.var
/Logical/Libraries/Acp10par
/Logical/Libraries/NcGlobal/Ncglobal.fun
/Logical/Libraries/NcGlobal/Ncglobal.typ
/Logical/Libraries/NcGlobal/Ncglobal.var
/Logical/Libraries/NcGlobal
/Logical/Libraries/asstring/asstring.fun
/Logical/Libraries/asstring
/Logical/Libraries/AsIOAcc/AsIOAcc.var
/Logical/Libraries/AsIOAcc/AsIOAcc.typ
/Logical/Libraries/AsIOAcc/AsIOAcc.fun
/Logical/Libraries/AsIOAcc
/Logical/Libraries/AsIO/AsIO.var
/Logical/Libraries/AsIO/AsIO.fun
/Logical/Libraries/AsIO
/Logical/Libraries
/Logical/drvman/drvman.c
/Logical/drvman/drvman.typ
/Logical/drvman/drvman.var
/Logical/drvman
/Physical/Config1/Hardware.hc
/Physical/Config1/PLC1/Cpu.sw
/Physical/Config1/PLC1/Cpu.per
/Physical/Config1/PLC1/IoMap.iom
/Physical/Config1/PLC1/PvMap.vvm
/Physical/Config1/PLC1/ArConfig.rtc
/Physical/Config1/PLC1/sysconf.br
/Physical/Config1/PLC1/sysconf.syc
/Physical/Config1/PLC1
