\Logical\Global.typ
\Logical\Global.var
\Logical\Libraries\Operator\operator.fun
\Logical\Libraries\Runtime\runtime.var
\Logical\Libraries\Runtime\runtime.typ
\Logical\Libraries\Runtime\runtime.fun
\Logical\Libraries\AsTime\astime.var
\Logical\Libraries\AsTime\astime.typ
\Logical\Libraries\AsTime\astime.fun
\Logical\Libraries\AsIecCon\AsIecCon.fun
\Logical\Libraries\Acp10sdc\acp10sdc.var
\Logical\Libraries\Acp10sdc\acp10sdc.typ
\Logical\Libraries\Acp10man\Acp10man.typ
\Logical\Libraries\Acp10par\Acp10par.var
\Logical\Libraries\NcGlobal\Ncglobal.fun
\Logical\Libraries\NcGlobal\Ncglobal.typ
\Logical\Libraries\NcGlobal\Ncglobal.var
\Logical\Libraries\asstring\asstring.fun
\Logical\Libraries\AsIOAcc\AsIOAcc.var
\Logical\Libraries\AsIOAcc\AsIOAcc.typ
\Logical\Libraries\AsIOAcc\AsIOAcc.fun
\Logical\Libraries\AsIO\AsIO.var
\Logical\Libraries\AsIO\AsIO.fun
\Logical\drvman\drvman.typ
\Logical\drvman\drvman.var
