\Logical\Global.typ
\Logical\Global.var
\Logical\Libraries\Operator\operator.fun
\Logical\Libraries\Runtime\runtime.var
\Logical\Libraries\Runtime\runtime.typ
\Logical\Libraries\Runtime\runtime.fun
\Logical\Libraries\AsTime\astime.var
\Logical\Libraries\AsTime\astime.typ
\Logical\Libraries\AsTime\astime.fun
\Logical\Libraries\AsIecCon\AsIecCon.fun
\Logical\Libraries\asstring\asstring.fun
\Logical\Libraries\AsARCfg\AsARCfg.var
\Logical\Libraries\AsARCfg\AsARCfg.typ
\Logical\Libraries\AsARCfg\AsARCfg.fun
\Logical\Libraries\FileIO\FileIO.var
\Logical\Libraries\FileIO\FileIO.typ
\Logical\Libraries\FileIO\FileIO.fun
\Logical\Libraries\AsTCP\AsTCP.var
\Logical\Libraries\AsTCP\AsTCP.typ
\Logical\Libraries\AsTCP\AsTCP.fun
\Logical\Libraries\visapi\Visapi.typ
\Logical\Libraries\visapi\Visapi.fun
\Logical\Libraries\visapi\Visapi.var
\Logical\FTP\FTP\FTP.typ
\Logical\FTP\FTP\FTP.var
\Logical\handler\handler.typ
\Logical\handler\handler.var
